{"/home/tjsomega/codefellowswork/401/bearer-auth/src/app.js": {"path":"/home/tjsomega/codefellowswork/401/bearer-auth/src/app.js","statementMap":{"0":{"start":{"line":4,"column":16},"end":{"line":4,"column":34}},"1":{"start":{"line":5,"column":20},"end":{"line":5,"column":53}},"2":{"start":{"line":6,"column":15},"end":{"line":6,"column":32}},"3":{"start":{"line":7,"column":13},"end":{"line":7,"column":28}},"4":{"start":{"line":8,"column":21},"end":{"line":8,"column":55}},"5":{"start":{"line":9,"column":24},"end":{"line":9,"column":58}},"6":{"start":{"line":14,"column":12},"end":{"line":14,"column":21}},"7":{"start":{"line":17,"column":0},"end":{"line":17,"column":36}},"8":{"start":{"line":18,"column":0},"end":{"line":18,"column":24}},"9":{"start":{"line":19,"column":0},"end":{"line":19,"column":46}},"10":{"start":{"line":20,"column":0},"end":{"line":20,"column":23}},"11":{"start":{"line":21,"column":0},"end":{"line":21,"column":16}},"12":{"start":{"line":23,"column":0},"end":{"line":23,"column":20}},"13":{"start":{"line":24,"column":0},"end":{"line":24,"column":29}},"14":{"start":{"line":25,"column":0},"end":{"line":25,"column":21}},"15":{"start":{"line":28,"column":0},"end":{"line":35,"column":1}},"16":{"start":{"line":31,"column":4},"end":{"line":33,"column":6}},"17":{"start":{"line":32,"column":6},"end":{"line":32,"column":46}}},"fnMap":{"0":{"name":"(anonymous_0)","decl":{"start":{"line":30,"column":9},"end":{"line":30,"column":10}},"loc":{"start":{"line":30,"column":19},"end":{"line":34,"column":3}},"line":30},"1":{"name":"(anonymous_1)","decl":{"start":{"line":31,"column":21},"end":{"line":31,"column":22}},"loc":{"start":{"line":31,"column":27},"end":{"line":33,"column":5}},"line":31}},"branchMap":{},"s":{"0":1,"1":1,"2":1,"3":1,"4":1,"5":1,"6":1,"7":1,"8":1,"9":1,"10":1,"11":1,"12":1,"13":1,"14":1,"15":1,"16":0,"17":0},"f":{"0":0,"1":0},"b":{},"_coverageSchema":"1a1c01bbd47fc00a2c39e90264f33305004495a9","hash":"6e4fc82d5010b4186060a7686bc726bebabdef2c"}
,"/home/tjsomega/codefellowswork/401/bearer-auth/src/users.js": {"path":"/home/tjsomega/codefellowswork/401/bearer-auth/src/users.js","statementMap":{"0":{"start":{"line":3,"column":17},"end":{"line":3,"column":36}},"1":{"start":{"line":4,"column":12},"end":{"line":4,"column":35}},"2":{"start":{"line":5,"column":15},"end":{"line":5,"column":32}},"3":{"start":{"line":10,"column":15},"end":{"line":10,"column":28}},"4":{"start":{"line":12,"column":14},"end":{"line":15,"column":34}},"5":{"start":{"line":19,"column":0},"end":{"line":24,"column":3}},"6":{"start":{"line":20,"column":20},"end":{"line":22,"column":3}},"7":{"start":{"line":23,"column":2},"end":{"line":23,"column":38}},"8":{"start":{"line":26,"column":0},"end":{"line":28,"column":3}},"9":{"start":{"line":27,"column":6},"end":{"line":27,"column":59}},"10":{"start":{"line":31,"column":0},"end":{"line":36,"column":1}},"11":{"start":{"line":32,"column":15},"end":{"line":32,"column":47}},"12":{"start":{"line":33,"column":16},"end":{"line":33,"column":61}},"13":{"start":{"line":34,"column":2},"end":{"line":34,"column":29}},"14":{"start":{"line":34,"column":15},"end":{"line":34,"column":27}},"15":{"start":{"line":35,"column":2},"end":{"line":35,"column":34}},"16":{"start":{"line":39,"column":0},"end":{"line":48,"column":1}},"17":{"start":{"line":40,"column":2},"end":{"line":47,"column":3}},"18":{"start":{"line":41,"column":24},"end":{"line":41,"column":49}},"19":{"start":{"line":42,"column":17},"end":{"line":42,"column":65}},"20":{"start":{"line":43,"column":4},"end":{"line":43,"column":30}},"21":{"start":{"line":43,"column":16},"end":{"line":43,"column":28}},"22":{"start":{"line":44,"column":4},"end":{"line":44,"column":38}},"23":{"start":{"line":46,"column":4},"end":{"line":46,"column":30}},"24":{"start":{"line":51,"column":0},"end":{"line":51,"column":48}}},"fnMap":{"0":{"name":"(anonymous_0)","decl":{"start":{"line":19,"column":27},"end":{"line":19,"column":28}},"loc":{"start":{"line":19,"column":39},"end":{"line":24,"column":1}},"line":19},"1":{"name":"(anonymous_1)","decl":{"start":{"line":26,"column":18},"end":{"line":26,"column":19}},"loc":{"start":{"line":26,"column":36},"end":{"line":28,"column":1}},"line":26},"2":{"name":"(anonymous_2)","decl":{"start":{"line":31,"column":34},"end":{"line":31,"column":35}},"loc":{"start":{"line":31,"column":70},"end":{"line":36,"column":1}},"line":31},"3":{"name":"(anonymous_3)","decl":{"start":{"line":39,"column":38},"end":{"line":39,"column":39}},"loc":{"start":{"line":39,"column":61},"end":{"line":48,"column":1}},"line":39}},"branchMap":{"0":{"loc":{"start":{"line":34,"column":2},"end":{"line":34,"column":29}},"type":"if","locations":[{"start":{"line":34,"column":2},"end":{"line":34,"column":29}},{"start":{"line":34,"column":2},"end":{"line":34,"column":29}}],"line":34},"1":{"loc":{"start":{"line":43,"column":4},"end":{"line":43,"column":30}},"type":"if","locations":[{"start":{"line":43,"column":4},"end":{"line":43,"column":30}},{"start":{"line":43,"column":4},"end":{"line":43,"column":30}}],"line":43}},"s":{"0":1,"1":1,"2":1,"3":1,"4":1,"5":1,"6":6,"7":6,"8":1,"9":3,"10":1,"11":6,"12":6,"13":3,"14":3,"15":0,"16":1,"17":0,"18":0,"19":0,"20":0,"21":0,"22":0,"23":0,"24":1},"f":{"0":6,"1":3,"2":6,"3":0},"b":{"0":[3,0],"1":[0,0]},"_coverageSchema":"1a1c01bbd47fc00a2c39e90264f33305004495a9","hash":"2b23ba2745b711018f491ea0979404939adaff2a"}
,"/home/tjsomega/codefellowswork/401/bearer-auth/src/error-handlers/404.js": {"path":"/home/tjsomega/codefellowswork/401/bearer-auth/src/error-handlers/404.js","statementMap":{"0":{"start":{"line":3,"column":0},"end":{"line":5,"column":1}},"1":{"start":{"line":4,"column":2},"end":{"line":4,"column":56}}},"fnMap":{"0":{"name":"(anonymous_0)","decl":{"start":{"line":3,"column":17},"end":{"line":3,"column":18}},"loc":{"start":{"line":3,"column":37},"end":{"line":5,"column":1}},"line":3}},"branchMap":{},"s":{"0":1,"1":3},"f":{"0":3},"b":{},"_coverageSchema":"1a1c01bbd47fc00a2c39e90264f33305004495a9","hash":"ee6fc7953263b97db24ad545f7266af73157f2b8"}
,"/home/tjsomega/codefellowswork/401/bearer-auth/src/error-handlers/500.js": {"path":"/home/tjsomega/codefellowswork/401/bearer-auth/src/error-handlers/500.js","statementMap":{"0":{"start":{"line":3,"column":0},"end":{"line":5,"column":1}},"1":{"start":{"line":4,"column":2},"end":{"line":4,"column":70}}},"fnMap":{"0":{"name":"(anonymous_0)","decl":{"start":{"line":3,"column":17},"end":{"line":3,"column":18}},"loc":{"start":{"line":3,"column":42},"end":{"line":5,"column":1}},"line":3}},"branchMap":{},"s":{"0":1,"1":0},"f":{"0":0},"b":{},"_coverageSchema":"1a1c01bbd47fc00a2c39e90264f33305004495a9","hash":"68af1ee11ff34475169f55637957e1e8f0cc7fad"}
,"/home/tjsomega/codefellowswork/401/bearer-auth/src/middleware/basic-auth-middleware.js": {"path":"/home/tjsomega/codefellowswork/401/bearer-auth/src/middleware/basic-auth-middleware.js","statementMap":{"0":{"start":{"line":3,"column":15},"end":{"line":3,"column":33}},"1":{"start":{"line":5,"column":14},"end":{"line":5,"column":36}},"2":{"start":{"line":7,"column":0},"end":{"line":31,"column":1}},"3":{"start":{"line":11,"column":2},"end":{"line":11,"column":68}},"4":{"start":{"line":11,"column":36},"end":{"line":11,"column":58}},"5":{"start":{"line":11,"column":59},"end":{"line":11,"column":66}},"6":{"start":{"line":14,"column":14},"end":{"line":14,"column":56}},"7":{"start":{"line":17,"column":21},"end":{"line":17,"column":52}},"8":{"start":{"line":20,"column":2},"end":{"line":29,"column":8}},"9":{"start":{"line":22,"column":6},"end":{"line":22,"column":27}},"10":{"start":{"line":23,"column":6},"end":{"line":23,"column":66}},"11":{"start":{"line":24,"column":6},"end":{"line":24,"column":13}},"12":{"start":{"line":26,"column":18},"end":{"line":29,"column":6}}},"fnMap":{"0":{"name":"(anonymous_0)","decl":{"start":{"line":7,"column":17},"end":{"line":7,"column":18}},"loc":{"start":{"line":7,"column":37},"end":{"line":31,"column":1}},"line":7},"1":{"name":"(anonymous_1)","decl":{"start":{"line":21,"column":10},"end":{"line":21,"column":11}},"loc":{"start":{"line":21,"column":23},"end":{"line":25,"column":5}},"line":21},"2":{"name":"(anonymous_2)","decl":{"start":{"line":26,"column":11},"end":{"line":26,"column":12}},"loc":{"start":{"line":26,"column":18},"end":{"line":29,"column":6}},"line":26}},"branchMap":{"0":{"loc":{"start":{"line":11,"column":2},"end":{"line":11,"column":68}},"type":"if","locations":[{"start":{"line":11,"column":2},"end":{"line":11,"column":68}},{"start":{"line":11,"column":2},"end":{"line":11,"column":68}}],"line":11}},"s":{"0":1,"1":1,"2":1,"3":6,"4":0,"5":0,"6":6,"7":6,"8":6,"9":3,"10":3,"11":3,"12":3},"f":{"0":6,"1":3,"2":3},"b":{"0":[0,6]},"_coverageSchema":"1a1c01bbd47fc00a2c39e90264f33305004495a9","hash":"00be6b35eeb1b46fe981887d146a5c8a15eef59b"}
,"/home/tjsomega/codefellowswork/401/bearer-auth/src/middleware/bearer-auth-middleware.js": {"path":"/home/tjsomega/codefellowswork/401/bearer-auth/src/middleware/bearer-auth-middleware.js","statementMap":{"0":{"start":{"line":3,"column":14},"end":{"line":3,"column":36}},"1":{"start":{"line":5,"column":0},"end":{"line":24,"column":1}},"2":{"start":{"line":9,"column":2},"end":{"line":9,"column":68}},"3":{"start":{"line":9,"column":36},"end":{"line":9,"column":58}},"4":{"start":{"line":9,"column":59},"end":{"line":9,"column":66}},"5":{"start":{"line":12,"column":14},"end":{"line":12,"column":56}},"6":{"start":{"line":15,"column":2},"end":{"line":23,"column":8}},"7":{"start":{"line":17,"column":6},"end":{"line":17,"column":27}},"8":{"start":{"line":18,"column":6},"end":{"line":18,"column":13}},"9":{"start":{"line":20,"column":18},"end":{"line":23,"column":6}}},"fnMap":{"0":{"name":"(anonymous_0)","decl":{"start":{"line":5,"column":17},"end":{"line":5,"column":18}},"loc":{"start":{"line":5,"column":37},"end":{"line":24,"column":1}},"line":5},"1":{"name":"(anonymous_1)","decl":{"start":{"line":16,"column":10},"end":{"line":16,"column":11}},"loc":{"start":{"line":16,"column":23},"end":{"line":19,"column":5}},"line":16},"2":{"name":"(anonymous_2)","decl":{"start":{"line":20,"column":11},"end":{"line":20,"column":12}},"loc":{"start":{"line":20,"column":18},"end":{"line":23,"column":6}},"line":20}},"branchMap":{"0":{"loc":{"start":{"line":9,"column":2},"end":{"line":9,"column":68}},"type":"if","locations":[{"start":{"line":9,"column":2},"end":{"line":9,"column":68}},{"start":{"line":9,"column":2},"end":{"line":9,"column":68}}],"line":9}},"s":{"0":1,"1":1,"2":0,"3":0,"4":0,"5":0,"6":0,"7":0,"8":0,"9":0},"f":{"0":0,"1":0,"2":0},"b":{"0":[0,0]},"_coverageSchema":"1a1c01bbd47fc00a2c39e90264f33305004495a9","hash":"d983a35427ab4b4be0a8ff07e8b03782b3cd0f06"}
,"/home/tjsomega/codefellowswork/401/bearer-auth/src/routes/authRoutes.js": {"path":"/home/tjsomega/codefellowswork/401/bearer-auth/src/routes/authRoutes.js","statementMap":{"0":{"start":{"line":3,"column":16},"end":{"line":3,"column":34}},"1":{"start":{"line":4,"column":18},"end":{"line":4,"column":67}},"2":{"start":{"line":5,"column":19},"end":{"line":5,"column":69}},"3":{"start":{"line":6,"column":13},"end":{"line":6,"column":35}},"4":{"start":{"line":8,"column":20},"end":{"line":8,"column":36}},"5":{"start":{"line":13,"column":0},"end":{"line":20,"column":3}},"6":{"start":{"line":14,"column":15},"end":{"line":14,"column":33}},"7":{"start":{"line":15,"column":2},"end":{"line":19,"column":66}},"8":{"start":{"line":17,"column":6},"end":{"line":17,"column":33}},"9":{"start":{"line":19,"column":18},"end":{"line":19,"column":62}},"10":{"start":{"line":23,"column":0},"end":{"line":25,"column":3}},"11":{"start":{"line":24,"column":2},"end":{"line":24,"column":33}},"12":{"start":{"line":27,"column":0},"end":{"line":29,"column":3}},"13":{"start":{"line":28,"column":2},"end":{"line":28,"column":74}},"14":{"start":{"line":32,"column":0},"end":{"line":32,"column":29}}},"fnMap":{"0":{"name":"(anonymous_0)","decl":{"start":{"line":13,"column":28},"end":{"line":13,"column":29}},"loc":{"start":{"line":13,"column":42},"end":{"line":20,"column":1}},"line":13},"1":{"name":"(anonymous_1)","decl":{"start":{"line":16,"column":10},"end":{"line":16,"column":11}},"loc":{"start":{"line":16,"column":18},"end":{"line":18,"column":5}},"line":16},"2":{"name":"(anonymous_2)","decl":{"start":{"line":19,"column":11},"end":{"line":19,"column":12}},"loc":{"start":{"line":19,"column":16},"end":{"line":19,"column":64}},"line":19},"3":{"name":"(anonymous_3)","decl":{"start":{"line":23,"column":39},"end":{"line":23,"column":40}},"loc":{"start":{"line":23,"column":53},"end":{"line":25,"column":1}},"line":23},"4":{"name":"(anonymous_4)","decl":{"start":{"line":27,"column":37},"end":{"line":27,"column":38}},"loc":{"start":{"line":27,"column":51},"end":{"line":29,"column":1}},"line":27}},"branchMap":{},"s":{"0":1,"1":1,"2":1,"3":1,"4":1,"5":1,"6":3,"7":3,"8":3,"9":0,"10":1,"11":3,"12":1,"13":0,"14":1},"f":{"0":3,"1":3,"2":0,"3":3,"4":0},"b":{},"_coverageSchema":"1a1c01bbd47fc00a2c39e90264f33305004495a9","hash":"73cbf9adfe4d08d650f80fbd43193dbc6a5aa87b"}
}
